<?xml version="1.0" encoding="UTF-8"?>
<testsuites name="jest tests" tests="31" failures="2" errors="0" time="6.773">
  <testsuite name="getNodoVerificaRPTInput" errors="0" failures="0" skipped="0" timestamp="2022-01-20T21:13:28" time="4.817" tests="23">
    <testcase classname="getNodoVerificaRPTInput should return a correct NodoVerificaRPTInput with auxDigit=0" name="getNodoVerificaRPTInput should return a correct NodoVerificaRPTInput with auxDigit=0" time="0.002">
    </testcase>
    <testcase classname="getNodoVerificaRPTInput should return a correct NodoVerificaRPTInput with auxDigit=1" name="getNodoVerificaRPTInput should return a correct NodoVerificaRPTInput with auxDigit=1" time="0.001">
    </testcase>
    <testcase classname="getNodoVerificaRPTInput should return a correct NodoVerificaRPTInput with auxDigit=2" name="getNodoVerificaRPTInput should return a correct NodoVerificaRPTInput with auxDigit=2" time="0.001">
    </testcase>
    <testcase classname="getNodoVerificaRPTInput should return a correct NodoVerificaRPTInput with auxDigit=3" name="getNodoVerificaRPTInput should return a correct NodoVerificaRPTInput with auxDigit=3" time="0.002">
    </testcase>
    <testcase classname="getPaymentsCheckResponse should convert NodoVerificaRPTOutput to PaymentsCheckResponse" name="getPaymentsCheckResponse should convert NodoVerificaRPTOutput to PaymentsCheckResponse" time="0.002">
    </testcase>
    <testcase classname="getPaymentsCheckResponse should convert NodoVerificaRPTOutput NotFullFilled civicoBeneficiario to PaymentsCheckResponse" name="getPaymentsCheckResponse should convert NodoVerificaRPTOutput NotFullFilled civicoBeneficiario to PaymentsCheckResponse" time="0.002">
    </testcase>
    <testcase classname="getNodoAttivaRPTInput should convert PaymentsActivationPostRequest to NodoAttivaRPTInput" name="getNodoAttivaRPTInput should convert PaymentsActivationPostRequest to NodoAttivaRPTInput" time="0.002">
    </testcase>
    <testcase classname="getPaymentsActivationResponse should convert NodoAttivaRPTOutput in PaymentsActivationResponse" name="getPaymentsActivationResponse should convert NodoAttivaRPTOutput in PaymentsActivationResponse" time="0.001">
    </testcase>
    <testcase classname="getCodiceContestoPagamentoForPagoPaApi should convert CodiceContestoPagamento" name="getCodiceContestoPagamentoForPagoPaApi should convert CodiceContestoPagamento" time="0.001">
    </testcase>
    <testcase classname="getResponseErrorIfExists should convert a KO Error without fault" name="getResponseErrorIfExists should convert a KO Error without fault" time="0">
    </testcase>
    <testcase classname="getResponseErrorIfExists should convert a KO Error with fault details" name="getResponseErrorIfExists should convert a KO Error with fault details" time="0">
    </testcase>
    <testcase classname="getErrorMessageCtrlFromPagoPaError should convert a KO Short Error" name="getErrorMessageCtrlFromPagoPaError should convert a KO Short Error" time="0.001">
    </testcase>
    <testcase classname="getErrorMessageCtrlFromPagoPaError should convert a KO Completed Error" name="getErrorMessageCtrlFromPagoPaError should convert a KO Completed Error" time="0.001">
    </testcase>
    <testcase classname="getErrorMessageCtrlFromPagoPaError should convert a KO Completed Error" name="getErrorMessageCtrlFromPagoPaError should convert a KO Completed Error" time="0.001">
    </testcase>
    <testcase classname="getErrorMessageCtrlFromPagoPaError should convert a KO Expired Error" name="getErrorMessageCtrlFromPagoPaError should convert a KO Expired Error" time="0">
    </testcase>
    <testcase classname="getErrorMessageCtrlFromPagoPaError should convert a KO Expired Error" name="getErrorMessageCtrlFromPagoPaError should convert a KO Expired Error" time="0">
    </testcase>
    <testcase classname="getErrorMessageCtrlFromPagoPaError should convert a KO OnGoing Error" name="getErrorMessageCtrlFromPagoPaError should convert a KO OnGoing Error" time="0">
    </testcase>
    <testcase classname="getErrorMessageCtrlFromPagoPaError should convert a KO OnGoing Error" name="getErrorMessageCtrlFromPagoPaError should convert a KO OnGoing Error" time="0.001">
    </testcase>
    <testcase classname="getErrorMessageCtrlFromPagoPaError should convert a KO Generic Error" name="getErrorMessageCtrlFromPagoPaError should convert a KO Generic Error" time="0.005">
    </testcase>
    <testcase classname="getErrorMessageCtrlFromPagoPaError should convert a KO Generic Error" name="getErrorMessageCtrlFromPagoPaError should convert a KO Generic Error" time="0.002">
    </testcase>
    <testcase classname="getErrorMessageCtrlFromPagoPaError should convert a KO detailV2" name="getErrorMessageCtrlFromPagoPaError should convert a KO detailV2" time="0.001">
    </testcase>
    <testcase classname="getErrorMessageCtrlFromPagoPaError should convert a KO PA System Error" name="getErrorMessageCtrlFromPagoPaError should convert a KO PA System Error" time="0">
    </testcase>
    <testcase classname="getErrorMessageCtrlFromPagoPaError should convert a KO PA unknown Error" name="getErrorMessageCtrlFromPagoPaError should convert a KO PA unknown Error" time="0.001">
    </testcase>
  </testsuite>
  <testsuite name="fixImportoSingoloVersamentoDigits" errors="0" failures="0" skipped="0" timestamp="2022-01-20T21:13:33" time="0.347" tests="1">
    <testcase classname="fixImportoSingoloVersamentoDigits should fix format of ImportoSingoloVersamento" name="fixImportoSingoloVersamentoDigits should fix format of ImportoSingoloVersamento" time="0.002">
    </testcase>
  </testsuite>
  <testsuite name="exactConvertToCents" errors="0" failures="0" skipped="0" timestamp="2022-01-20T21:13:34" time="0.094" tests="1">
    <testcase classname="exactConvertToCents should convert amounts to cents" name="exactConvertToCents should convert amounts to cents" time="0.001">
    </testcase>
  </testsuite>
  <testsuite name="checkPaymentToPagoPa" errors="0" failures="2" skipped="0" timestamp="2022-01-20T21:13:34" time="1.172" tests="6">
    <testcase classname="checkPaymentToPagoPa should return the right response" name="checkPaymentToPagoPa should return the right response" time="0.097">
      <failure>Error: connect ECONNREFUSED 127.0.0.1:6379
    at TCPConnectWrap.afterConnect [as oncomplete] (net.js:1148:16)
    at TCPConnectWrap.callbackTrampoline (internal/async_hooks.js:131:17)</failure>
    </testcase>
    <testcase classname="checkPaymentToPagoPa should return error (invalid input)" name="checkPaymentToPagoPa should return error (invalid input)" time="0.005">
    </testcase>
    <testcase classname="activatePaymentToPagoPa should correctly format amounts" name="activatePaymentToPagoPa should correctly format amounts" time="0.013">
    </testcase>
    <testcase classname="activatePaymentToPagoPa should return the right response" name="activatePaymentToPagoPa should return the right response" time="0.005">
    </testcase>
    <testcase classname="activatePaymentToPagoPa should return error (invalid input)" name="activatePaymentToPagoPa should return error (invalid input)" time="0.004">
    </testcase>
    <testcase classname="setActivationStatus and getActivationStatus should store payment id and payment info in redis db" name="setActivationStatus and getActivationStatus should store payment id and payment info in redis db" time="0.002">
      <failure>Error: expect(received).toBeTruthy()

Received: false
    at Object.&lt;anonymous&gt; (/Users/simone/Repositories/pagopa-proxy/io-pagopa-proxy/src/__integration__/PaymentController.test.ts:174:46)
    at processTicksAndRejections (internal/process/task_queues.js:95:5)</failure>
    </testcase>
  </testsuite>
</testsuites>